<?xml version="1.0" encoding="UTF-8"?>
<testng-results skipped="0" failed="0" ignored="0" total="1" passed="1">
  <reporter-output>
  </reporter-output>
  <suite name="Suite" duration-ms="11912" started-at="2020-08-19T21:29:12 IST" finished-at="2020-08-19T21:29:23 IST">
    <groups>
    </groups>
    <test name="Test" duration-ms="11912" started-at="2020-08-19T21:29:12 IST" finished-at="2020-08-19T21:29:23 IST">
      <class name="Onetest.NewTest">
        <test-method status="PASS" signature="f()[pri:0, instance:Onetest.NewTest@17b7b6]" name="f" duration-ms="11510" started-at="2020-08-19T21:29:12 IST" finished-at="2020-08-19T21:29:23 IST">
          <reporter-output>
          </reporter-output>
        </test-method> <!-- f -->
      </class> <!-- Onetest.NewTest -->
    </test> <!-- Test -->
  </suite> <!-- Suite -->
</testng-results>
